[2024-10-08T21:43:08.723+0500] {local_task_job_runner.py:123} INFO - ::group::Pre task execution logs
[2024-10-08T21:43:08.740+0500] {taskinstance.py:2603} INFO - Dependencies all met for dep_context=non-requeueable deps ti=<TaskInstance: hgb_train.train_model manual__2024-10-08T16:42:33.929437+00:00 [queued]>
[2024-10-08T21:43:08.747+0500] {taskinstance.py:2603} INFO - Dependencies all met for dep_context=requeueable deps ti=<TaskInstance: hgb_train.train_model manual__2024-10-08T16:42:33.929437+00:00 [queued]>
[2024-10-08T21:43:08.748+0500] {taskinstance.py:2856} INFO - Starting attempt 1 of 1
[2024-10-08T21:43:08.759+0500] {taskinstance.py:2879} INFO - Executing <Task(PythonOperator): train_model> on 2024-10-08 16:42:33.929437+00:00
[2024-10-08T21:43:08.771+0500] {logging_mixin.py:190} WARNING - /home/nicolaspc/anaconda3/envs/mlops_env/lib/python3.12/site-packages/***/task/task_runner/standard_task_runner.py:70 DeprecationWarning: This process (pid=56800) is multi-threaded, use of fork() may lead to deadlocks in the child.
[2024-10-08T21:43:08.772+0500] {standard_task_runner.py:72} INFO - Started process 56838 to run task
[2024-10-08T21:43:08.772+0500] {standard_task_runner.py:104} INFO - Running: ['***', 'tasks', 'run', 'hgb_train', 'train_model', 'manual__2024-10-08T16:42:33.929437+00:00', '--job-id', '909', '--raw', '--subdir', 'DAGS_FOLDER/train_models.py', '--cfg-path', '/tmp/tmpwihu5b_8']
[2024-10-08T21:43:08.773+0500] {standard_task_runner.py:105} INFO - Job 909: Subtask train_model
[2024-10-08T21:43:08.824+0500] {task_command.py:467} INFO - Running <TaskInstance: hgb_train.train_model manual__2024-10-08T16:42:33.929437+00:00 [running]> on host nicolaspc-HP-Pavilion-Laptop-15-eh1xxx
[2024-10-08T21:43:08.905+0500] {taskinstance.py:3122} INFO - Exporting env vars: AIRFLOW_CTX_DAG_OWNER='Nicolas Pal' AIRFLOW_CTX_DAG_ID='hgb_train' AIRFLOW_CTX_TASK_ID='train_model' AIRFLOW_CTX_EXECUTION_DATE='2024-10-08T16:42:33.929437+00:00' AIRFLOW_CTX_TRY_NUMBER='1' AIRFLOW_CTX_DAG_RUN_ID='manual__2024-10-08T16:42:33.929437+00:00'
[2024-10-08T21:43:08.906+0500] {taskinstance.py:731} INFO - ::endgroup::
[2024-10-08T21:43:09.075+0500] {s3.py:1387} INFO - Downloading source S3 file from Bucket test-bucket-nicolas-1 with path NicolasPal/project1/hgb/datasets/X_train.pkl
[2024-10-08T21:43:09.086+0500] {base.py:84} INFO - Retrieving connection 's3_connection'
[2024-10-08T21:43:09.086+0500] {connection_wrapper.py:384} INFO - AWS Connection (conn_id='s3_connection', conn_type='aws') credentials retrieved from login and password.
[2024-10-08T21:43:12.326+0500] {s3.py:1387} INFO - Downloading source S3 file from Bucket test-bucket-nicolas-1 with path NicolasPal/project1/hgb/datasets/X_test.pkl
[2024-10-08T21:43:12.910+0500] {s3.py:1387} INFO - Downloading source S3 file from Bucket test-bucket-nicolas-1 with path NicolasPal/project1/hgb/datasets/X_val.pkl
[2024-10-08T21:43:13.442+0500] {s3.py:1387} INFO - Downloading source S3 file from Bucket test-bucket-nicolas-1 with path NicolasPal/project1/hgb/datasets/y_train.pkl
[2024-10-08T21:43:14.203+0500] {s3.py:1387} INFO - Downloading source S3 file from Bucket test-bucket-nicolas-1 with path NicolasPal/project1/hgb/datasets/y_test.pkl
[2024-10-08T21:43:14.655+0500] {s3.py:1387} INFO - Downloading source S3 file from Bucket test-bucket-nicolas-1 with path NicolasPal/project1/hgb/datasets/y_val.pkl
[2024-10-08T21:43:15.088+0500] {train_models.py:193} INFO - Данные для обучения модели из S3 загружены
[2024-10-08T21:43:15.189+0500] {migration.py:216} INFO - Context impl PostgresqlImpl.
[2024-10-08T21:43:15.190+0500] {migration.py:219} INFO - Will assume transactional DDL.
[2024-10-08T21:43:17.892+0500] {credentials.py:1147} INFO - Found credentials in environment variables.
[2024-10-08T21:43:22.451+0500] {logging_mixin.py:190} WARNING - Registered model 'sk-learn-hgb-reg-model' already exists. Creating a new version of this model...
[2024-10-08T21:43:22.471+0500] {logging_mixin.py:190} WARNING - Created version '6' of model 'sk-learn-hgb-reg-model'.
[2024-10-08T21:43:24.740+0500] {logging_mixin.py:190} WARNING - 2024/10/08 21:43:24 INFO mlflow.models.evaluation.default_evaluator: Computing model predictions.
[2024-10-08T21:43:24.752+0500] {logging_mixin.py:190} WARNING - 2024/10/08 21:43:24 WARNING mlflow.models.evaluation.default_evaluator: Computing sklearn model score failed: ValueError('Input contains NaN.'). Set logging level to DEBUG to see the full traceback.
[2024-10-08T21:43:24.771+0500] {taskinstance.py:3301} ERROR - Task failed with exception
Traceback (most recent call last):
  File "/home/nicolaspc/anaconda3/envs/mlops_env/lib/python3.12/site-packages/airflow/models/taskinstance.py", line 767, in _execute_task
    result = _execute_callable(context=context, **execute_callable_kwargs)
             ^^^^^^^^^^^^^^^^^^^^^^^^^^^^^^^^^^^^^^^^^^^^^^^^^^^^^^^^^^^^^
  File "/home/nicolaspc/anaconda3/envs/mlops_env/lib/python3.12/site-packages/airflow/models/taskinstance.py", line 733, in _execute_callable
    return ExecutionCallableRunner(
           ^^^^^^^^^^^^^^^^^^^^^^^^
  File "/home/nicolaspc/anaconda3/envs/mlops_env/lib/python3.12/site-packages/airflow/utils/operator_helpers.py", line 252, in run
    return self.func(*args, **kwargs)
           ^^^^^^^^^^^^^^^^^^^^^^^^^^
  File "/home/nicolaspc/anaconda3/envs/mlops_env/lib/python3.12/site-packages/airflow/models/baseoperator.py", line 406, in wrapper
    return func(self, *args, **kwargs)
           ^^^^^^^^^^^^^^^^^^^^^^^^^^^
  File "/home/nicolaspc/anaconda3/envs/mlops_env/lib/python3.12/site-packages/airflow/operators/python.py", line 238, in execute
    return_value = self.execute_callable()
                   ^^^^^^^^^^^^^^^^^^^^^^^
  File "/home/nicolaspc/anaconda3/envs/mlops_env/lib/python3.12/site-packages/airflow/operators/python.py", line 256, in execute_callable
    return runner.run(*self.op_args, **self.op_kwargs)
           ^^^^^^^^^^^^^^^^^^^^^^^^^^^^^^^^^^^^^^^^^^^
  File "/home/nicolaspc/anaconda3/envs/mlops_env/lib/python3.12/site-packages/airflow/utils/operator_helpers.py", line 252, in run
    return self.func(*args, **kwargs)
           ^^^^^^^^^^^^^^^^^^^^^^^^^^
  File "/home/nicolaspc/airflow/dags/train_models.py", line 240, in train_model
    mlflow.evaluate(
  File "/home/nicolaspc/anaconda3/envs/mlops_env/lib/python3.12/site-packages/mlflow/models/evaluation/base.py", line 2131, in evaluate
    evaluate_result = _evaluate(
                      ^^^^^^^^^^
  File "/home/nicolaspc/anaconda3/envs/mlops_env/lib/python3.12/site-packages/mlflow/models/evaluation/base.py", line 1309, in _evaluate
    eval_result = evaluator.evaluate(
                  ^^^^^^^^^^^^^^^^^^^
  File "/home/nicolaspc/anaconda3/envs/mlops_env/lib/python3.12/site-packages/mlflow/models/evaluation/default_evaluator.py", line 2016, in evaluate
    evaluation_result = self._evaluate(model, is_baseline_model=False)
                        ^^^^^^^^^^^^^^^^^^^^^^^^^^^^^^^^^^^^^^^^^^^^^^
  File "/home/nicolaspc/anaconda3/envs/mlops_env/lib/python3.12/site-packages/mlflow/models/evaluation/default_evaluator.py", line 1887, in _evaluate
    self._handle_builtin_metrics_by_model_type()
  File "/home/nicolaspc/anaconda3/envs/mlops_env/lib/python3.12/site-packages/mlflow/models/evaluation/default_evaluator.py", line 1808, in _handle_builtin_metrics_by_model_type
    self._compute_builtin_metrics()
  File "/home/nicolaspc/anaconda3/envs/mlops_env/lib/python3.12/site-packages/mlflow/models/evaluation/default_evaluator.py", line 1547, in _compute_builtin_metrics
    _get_regressor_metrics(self.y, self.y_pred, self.sample_weights)
  File "/home/nicolaspc/anaconda3/envs/mlops_env/lib/python3.12/site-packages/mlflow/models/evaluation/default_evaluator.py", line 171, in _get_regressor_metrics
    "mean_absolute_error": sk_metrics.mean_absolute_error(
                           ^^^^^^^^^^^^^^^^^^^^^^^^^^^^^^^
  File "/home/nicolaspc/anaconda3/envs/mlops_env/lib/python3.12/site-packages/sklearn/utils/_param_validation.py", line 213, in wrapper
    return func(*args, **kwargs)
           ^^^^^^^^^^^^^^^^^^^^^
  File "/home/nicolaspc/anaconda3/envs/mlops_env/lib/python3.12/site-packages/sklearn/metrics/_regression.py", line 216, in mean_absolute_error
    y_type, y_true, y_pred, multioutput = _check_reg_targets(
                                          ^^^^^^^^^^^^^^^^^^^
  File "/home/nicolaspc/anaconda3/envs/mlops_env/lib/python3.12/site-packages/sklearn/metrics/_regression.py", line 112, in _check_reg_targets
    y_true = check_array(y_true, ensure_2d=False, dtype=dtype)
             ^^^^^^^^^^^^^^^^^^^^^^^^^^^^^^^^^^^^^^^^^^^^^^^^^
  File "/home/nicolaspc/anaconda3/envs/mlops_env/lib/python3.12/site-packages/sklearn/utils/validation.py", line 1059, in check_array
    _assert_all_finite(
  File "/home/nicolaspc/anaconda3/envs/mlops_env/lib/python3.12/site-packages/sklearn/utils/validation.py", line 126, in _assert_all_finite
    _assert_all_finite_element_wise(
  File "/home/nicolaspc/anaconda3/envs/mlops_env/lib/python3.12/site-packages/sklearn/utils/validation.py", line 175, in _assert_all_finite_element_wise
    raise ValueError(msg_err)
ValueError: Input contains NaN.
[2024-10-08T21:43:24.793+0500] {taskinstance.py:1225} INFO - Marking task as FAILED. dag_id=hgb_train, task_id=train_model, run_id=manual__2024-10-08T16:42:33.929437+00:00, execution_date=20241008T164233, start_date=20241008T164308, end_date=20241008T164324
[2024-10-08T21:43:24.827+0500] {taskinstance.py:340} INFO - ::group::Post task execution logs
[2024-10-08T21:43:24.827+0500] {standard_task_runner.py:124} ERROR - Failed to execute job 909 for task train_model (Input contains NaN.; 56838)
Traceback (most recent call last):
  File "/home/nicolaspc/anaconda3/envs/mlops_env/lib/python3.12/site-packages/airflow/task/task_runner/standard_task_runner.py", line 117, in _start_by_fork
    ret = args.func(args, dag=self.dag)
          ^^^^^^^^^^^^^^^^^^^^^^^^^^^^^
  File "/home/nicolaspc/anaconda3/envs/mlops_env/lib/python3.12/site-packages/airflow/cli/cli_config.py", line 49, in command
    return func(*args, **kwargs)
           ^^^^^^^^^^^^^^^^^^^^^
  File "/home/nicolaspc/anaconda3/envs/mlops_env/lib/python3.12/site-packages/airflow/utils/cli.py", line 115, in wrapper
    return f(*args, **kwargs)
           ^^^^^^^^^^^^^^^^^^
  File "/home/nicolaspc/anaconda3/envs/mlops_env/lib/python3.12/site-packages/airflow/cli/commands/task_command.py", line 483, in task_run
    task_return_code = _run_task_by_selected_method(args, _dag, ti)
                       ^^^^^^^^^^^^^^^^^^^^^^^^^^^^^^^^^^^^^^^^^^^^
  File "/home/nicolaspc/anaconda3/envs/mlops_env/lib/python3.12/site-packages/airflow/cli/commands/task_command.py", line 256, in _run_task_by_selected_method
    return _run_raw_task(args, ti)
           ^^^^^^^^^^^^^^^^^^^^^^^
  File "/home/nicolaspc/anaconda3/envs/mlops_env/lib/python3.12/site-packages/airflow/cli/commands/task_command.py", line 341, in _run_raw_task
    return ti._run_raw_task(
           ^^^^^^^^^^^^^^^^^
  File "/home/nicolaspc/anaconda3/envs/mlops_env/lib/python3.12/site-packages/airflow/utils/session.py", line 97, in wrapper
    return func(*args, session=session, **kwargs)
           ^^^^^^^^^^^^^^^^^^^^^^^^^^^^^^^^^^^^^^
  File "/home/nicolaspc/anaconda3/envs/mlops_env/lib/python3.12/site-packages/airflow/models/taskinstance.py", line 2995, in _run_raw_task
    return _run_raw_task(
           ^^^^^^^^^^^^^^
  File "/home/nicolaspc/anaconda3/envs/mlops_env/lib/python3.12/site-packages/airflow/models/taskinstance.py", line 273, in _run_raw_task
    TaskInstance._execute_task_with_callbacks(
  File "/home/nicolaspc/anaconda3/envs/mlops_env/lib/python3.12/site-packages/airflow/models/taskinstance.py", line 3149, in _execute_task_with_callbacks
    result = self._execute_task(context, task_orig)
             ^^^^^^^^^^^^^^^^^^^^^^^^^^^^^^^^^^^^^^
  File "/home/nicolaspc/anaconda3/envs/mlops_env/lib/python3.12/site-packages/airflow/models/taskinstance.py", line 3173, in _execute_task
    return _execute_task(self, context, task_orig)
           ^^^^^^^^^^^^^^^^^^^^^^^^^^^^^^^^^^^^^^^
  File "/home/nicolaspc/anaconda3/envs/mlops_env/lib/python3.12/site-packages/airflow/models/taskinstance.py", line 767, in _execute_task
    result = _execute_callable(context=context, **execute_callable_kwargs)
             ^^^^^^^^^^^^^^^^^^^^^^^^^^^^^^^^^^^^^^^^^^^^^^^^^^^^^^^^^^^^^
  File "/home/nicolaspc/anaconda3/envs/mlops_env/lib/python3.12/site-packages/airflow/models/taskinstance.py", line 733, in _execute_callable
    return ExecutionCallableRunner(
           ^^^^^^^^^^^^^^^^^^^^^^^^
  File "/home/nicolaspc/anaconda3/envs/mlops_env/lib/python3.12/site-packages/airflow/utils/operator_helpers.py", line 252, in run
    return self.func(*args, **kwargs)
           ^^^^^^^^^^^^^^^^^^^^^^^^^^
  File "/home/nicolaspc/anaconda3/envs/mlops_env/lib/python3.12/site-packages/airflow/models/baseoperator.py", line 406, in wrapper
    return func(self, *args, **kwargs)
           ^^^^^^^^^^^^^^^^^^^^^^^^^^^
  File "/home/nicolaspc/anaconda3/envs/mlops_env/lib/python3.12/site-packages/airflow/operators/python.py", line 238, in execute
    return_value = self.execute_callable()
                   ^^^^^^^^^^^^^^^^^^^^^^^
  File "/home/nicolaspc/anaconda3/envs/mlops_env/lib/python3.12/site-packages/airflow/operators/python.py", line 256, in execute_callable
    return runner.run(*self.op_args, **self.op_kwargs)
           ^^^^^^^^^^^^^^^^^^^^^^^^^^^^^^^^^^^^^^^^^^^
  File "/home/nicolaspc/anaconda3/envs/mlops_env/lib/python3.12/site-packages/airflow/utils/operator_helpers.py", line 252, in run
    return self.func(*args, **kwargs)
           ^^^^^^^^^^^^^^^^^^^^^^^^^^
  File "/home/nicolaspc/airflow/dags/train_models.py", line 240, in train_model
    mlflow.evaluate(
  File "/home/nicolaspc/anaconda3/envs/mlops_env/lib/python3.12/site-packages/mlflow/models/evaluation/base.py", line 2131, in evaluate
    evaluate_result = _evaluate(
                      ^^^^^^^^^^
  File "/home/nicolaspc/anaconda3/envs/mlops_env/lib/python3.12/site-packages/mlflow/models/evaluation/base.py", line 1309, in _evaluate
    eval_result = evaluator.evaluate(
                  ^^^^^^^^^^^^^^^^^^^
  File "/home/nicolaspc/anaconda3/envs/mlops_env/lib/python3.12/site-packages/mlflow/models/evaluation/default_evaluator.py", line 2016, in evaluate
    evaluation_result = self._evaluate(model, is_baseline_model=False)
                        ^^^^^^^^^^^^^^^^^^^^^^^^^^^^^^^^^^^^^^^^^^^^^^
  File "/home/nicolaspc/anaconda3/envs/mlops_env/lib/python3.12/site-packages/mlflow/models/evaluation/default_evaluator.py", line 1887, in _evaluate
    self._handle_builtin_metrics_by_model_type()
  File "/home/nicolaspc/anaconda3/envs/mlops_env/lib/python3.12/site-packages/mlflow/models/evaluation/default_evaluator.py", line 1808, in _handle_builtin_metrics_by_model_type
    self._compute_builtin_metrics()
  File "/home/nicolaspc/anaconda3/envs/mlops_env/lib/python3.12/site-packages/mlflow/models/evaluation/default_evaluator.py", line 1547, in _compute_builtin_metrics
    _get_regressor_metrics(self.y, self.y_pred, self.sample_weights)
  File "/home/nicolaspc/anaconda3/envs/mlops_env/lib/python3.12/site-packages/mlflow/models/evaluation/default_evaluator.py", line 171, in _get_regressor_metrics
    "mean_absolute_error": sk_metrics.mean_absolute_error(
                           ^^^^^^^^^^^^^^^^^^^^^^^^^^^^^^^
  File "/home/nicolaspc/anaconda3/envs/mlops_env/lib/python3.12/site-packages/sklearn/utils/_param_validation.py", line 213, in wrapper
    return func(*args, **kwargs)
           ^^^^^^^^^^^^^^^^^^^^^
  File "/home/nicolaspc/anaconda3/envs/mlops_env/lib/python3.12/site-packages/sklearn/metrics/_regression.py", line 216, in mean_absolute_error
    y_type, y_true, y_pred, multioutput = _check_reg_targets(
                                          ^^^^^^^^^^^^^^^^^^^
  File "/home/nicolaspc/anaconda3/envs/mlops_env/lib/python3.12/site-packages/sklearn/metrics/_regression.py", line 112, in _check_reg_targets
    y_true = check_array(y_true, ensure_2d=False, dtype=dtype)
             ^^^^^^^^^^^^^^^^^^^^^^^^^^^^^^^^^^^^^^^^^^^^^^^^^
  File "/home/nicolaspc/anaconda3/envs/mlops_env/lib/python3.12/site-packages/sklearn/utils/validation.py", line 1059, in check_array
    _assert_all_finite(
  File "/home/nicolaspc/anaconda3/envs/mlops_env/lib/python3.12/site-packages/sklearn/utils/validation.py", line 126, in _assert_all_finite
    _assert_all_finite_element_wise(
  File "/home/nicolaspc/anaconda3/envs/mlops_env/lib/python3.12/site-packages/sklearn/utils/validation.py", line 175, in _assert_all_finite_element_wise
    raise ValueError(msg_err)
ValueError: Input contains NaN.
[2024-10-08T21:43:24.941+0500] {local_task_job_runner.py:261} INFO - Task exited with return code 1
[2024-10-08T21:43:24.964+0500] {taskinstance.py:3891} INFO - 0 downstream tasks scheduled from follow-on schedule check
[2024-10-08T21:43:24.976+0500] {local_task_job_runner.py:240} INFO - ::endgroup::
