[2024-08-19T09:41:11.459+0500] {local_task_job_runner.py:120} INFO - ::group::Pre task execution logs
[2024-08-19T09:41:11.476+0500] {taskinstance.py:2076} INFO - Dependencies all met for dep_context=non-requeueable deps ti=<TaskInstance: 3_models_dag.get_data manual__2024-08-19T04:41:07.144974+00:00 [queued]>
[2024-08-19T09:41:11.483+0500] {taskinstance.py:2076} INFO - Dependencies all met for dep_context=requeueable deps ti=<TaskInstance: 3_models_dag.get_data manual__2024-08-19T04:41:07.144974+00:00 [queued]>
[2024-08-19T09:41:11.483+0500] {taskinstance.py:2306} INFO - Starting attempt 1 of 1
[2024-08-19T09:41:11.498+0500] {taskinstance.py:2330} INFO - Executing <Task(PythonOperator): get_data> on 2024-08-19 04:41:07.144974+00:00
[2024-08-19T09:41:11.510+0500] {standard_task_runner.py:90} INFO - Running: ['airflow', 'tasks', 'run', '3_models_dag', 'get_data', 'manual__2024-08-19T04:41:07.144974+00:00', '--job-id', '281', '--raw', '--subdir', 'DAGS_FOLDER/train_models-2.py', '--cfg-path', '/tmp/tmpupr10d0c']
[2024-08-19T09:41:11.511+0500] {standard_task_runner.py:91} INFO - Job 281: Subtask get_data
[2024-08-19T09:41:11.512+0500] {logging_mixin.py:188} WARNING - /home/nicolaspc/anaconda3/envs/mlops_env/lib/python3.12/site-packages/airflow/task/task_runner/standard_task_runner.py:62 DeprecationWarning: This process (pid=56896) is multi-threaded, use of fork() may lead to deadlocks in the child.
[2024-08-19T09:41:11.513+0500] {standard_task_runner.py:64} INFO - Started process 56919 to run task
[2024-08-19T09:41:11.566+0500] {task_command.py:426} INFO - Running <TaskInstance: 3_models_dag.get_data manual__2024-08-19T04:41:07.144974+00:00 [running]> on host nicolaspc-HP-Pavilion-Laptop-15-eh1xxx
[2024-08-19T09:41:11.648+0500] {taskinstance.py:2648} INFO - Exporting env vars: AIRFLOW_CTX_DAG_OWNER='Nicolas Pal' AIRFLOW_CTX_DAG_ID='3_models_dag' AIRFLOW_CTX_TASK_ID='get_data' AIRFLOW_CTX_EXECUTION_DATE='2024-08-19T04:41:07.144974+00:00' AIRFLOW_CTX_TRY_NUMBER='1' AIRFLOW_CTX_DAG_RUN_ID='manual__2024-08-19T04:41:07.144974+00:00'
[2024-08-19T09:41:11.649+0500] {taskinstance.py:430} INFO - ::endgroup::
[2024-08-19T09:41:11.657+0500] {taskinstance.py:441} INFO - ::group::Post task execution logs
[2024-08-19T09:41:11.657+0500] {taskinstance.py:2905} ERROR - Task failed with exception
Traceback (most recent call last):
  File "/home/nicolaspc/anaconda3/envs/mlops_env/lib/python3.12/site-packages/airflow/models/taskinstance.py", line 465, in _execute_task
    result = _execute_callable(context=context, **execute_callable_kwargs)
             ^^^^^^^^^^^^^^^^^^^^^^^^^^^^^^^^^^^^^^^^^^^^^^^^^^^^^^^^^^^^^
  File "/home/nicolaspc/anaconda3/envs/mlops_env/lib/python3.12/site-packages/airflow/models/taskinstance.py", line 432, in _execute_callable
    return execute_callable(context=context, **execute_callable_kwargs)
           ^^^^^^^^^^^^^^^^^^^^^^^^^^^^^^^^^^^^^^^^^^^^^^^^^^^^^^^^^^^^
  File "/home/nicolaspc/anaconda3/envs/mlops_env/lib/python3.12/site-packages/airflow/models/baseoperator.py", line 401, in wrapper
    return func(self, *args, **kwargs)
           ^^^^^^^^^^^^^^^^^^^^^^^^^^^
  File "/home/nicolaspc/anaconda3/envs/mlops_env/lib/python3.12/site-packages/airflow/operators/python.py", line 235, in execute
    return_value = self.execute_callable()
                   ^^^^^^^^^^^^^^^^^^^^^^^
  File "/home/nicolaspc/anaconda3/envs/mlops_env/lib/python3.12/site-packages/airflow/operators/python.py", line 252, in execute_callable
    return self.python_callable(*self.op_args, **self.op_kwargs)
           ^^^^^^^^^^^^^^^^^^^^^^^^^^^^^^^^^^^^^^^^^^^^^^^^^^^^^
  File "/home/nicolaspc/airflow/dags/train_models-2.py", line 54, in init
    metrics["model"] = m_name
                       ^^^^^^
NameError: name 'm_name' is not defined
[2024-08-19T09:41:11.670+0500] {taskinstance.py:1206} INFO - Marking task as FAILED. dag_id=3_models_dag, task_id=get_data, run_id=manual__2024-08-19T04:41:07.144974+00:00, execution_date=20240819T044107, start_date=20240819T044111, end_date=20240819T044111
[2024-08-19T09:41:11.682+0500] {standard_task_runner.py:110} ERROR - Failed to execute job 281 for task get_data (name 'm_name' is not defined; 56919)
[2024-08-19T09:41:11.727+0500] {local_task_job_runner.py:243} INFO - Task exited with return code 1
[2024-08-19T09:41:11.750+0500] {taskinstance.py:3503} INFO - 0 downstream tasks scheduled from follow-on schedule check
[2024-08-19T09:41:11.755+0500] {local_task_job_runner.py:222} INFO - ::endgroup::
