[2024-07-20T20:10:17.738+0500] {local_task_job_runner.py:120} INFO - ::group::Pre task execution logs
[2024-07-20T20:10:17.756+0500] {taskinstance.py:2076} INFO - Dependencies all met for dep_context=non-requeueable deps ti=<TaskInstance: rf_train.save_results scheduled__2024-07-19T01:00:00+00:00 [queued]>
[2024-07-20T20:10:17.763+0500] {taskinstance.py:2076} INFO - Dependencies all met for dep_context=requeueable deps ti=<TaskInstance: rf_train.save_results scheduled__2024-07-19T01:00:00+00:00 [queued]>
[2024-07-20T20:10:17.763+0500] {taskinstance.py:2306} INFO - Starting attempt 1 of 1
[2024-07-20T20:10:17.774+0500] {taskinstance.py:2330} INFO - Executing <Task(PythonOperator): save_results> on 2024-07-19 01:00:00+00:00
[2024-07-20T20:10:17.785+0500] {standard_task_runner.py:90} INFO - Running: ['airflow', 'tasks', 'run', 'rf_train', 'save_results', 'scheduled__2024-07-19T01:00:00+00:00', '--job-id', '196', '--raw', '--subdir', 'DAGS_FOLDER/.ipynb_checkpoints/train_models-checkpoint.py', '--cfg-path', '/tmp/tmpeyfx4vo_']
[2024-07-20T20:10:17.787+0500] {standard_task_runner.py:91} INFO - Job 196: Subtask save_results
[2024-07-20T20:10:17.789+0500] {logging_mixin.py:188} WARNING - /home/nicolaspc/anaconda3/envs/mlops_env/lib/python3.12/site-packages/airflow/task/task_runner/standard_task_runner.py:62 DeprecationWarning: This process (pid=16688) is multi-threaded, use of fork() may lead to deadlocks in the child.
[2024-07-20T20:10:17.789+0500] {standard_task_runner.py:64} INFO - Started process 16711 to run task
[2024-07-20T20:10:17.840+0500] {task_command.py:426} INFO - Running <TaskInstance: rf_train.save_results scheduled__2024-07-19T01:00:00+00:00 [running]> on host nicolaspc-HP-Pavilion-Laptop-15-eh1xxx
[2024-07-20T20:10:17.925+0500] {taskinstance.py:2648} INFO - Exporting env vars: AIRFLOW_CTX_DAG_OWNER='Nicolas Pal' AIRFLOW_CTX_DAG_ID='rf_train' AIRFLOW_CTX_TASK_ID='save_results' AIRFLOW_CTX_EXECUTION_DATE='2024-07-19T01:00:00+00:00' AIRFLOW_CTX_TRY_NUMBER='1' AIRFLOW_CTX_DAG_RUN_ID='scheduled__2024-07-19T01:00:00+00:00'
[2024-07-20T20:10:17.926+0500] {taskinstance.py:430} INFO - ::endgroup::
[2024-07-20T20:10:17.957+0500] {taskinstance.py:441} INFO - ::group::Post task execution logs
[2024-07-20T20:10:17.958+0500] {taskinstance.py:2905} ERROR - Task failed with exception
Traceback (most recent call last):
  File "/home/nicolaspc/anaconda3/envs/mlops_env/lib/python3.12/site-packages/airflow/models/taskinstance.py", line 465, in _execute_task
    result = _execute_callable(context=context, **execute_callable_kwargs)
             ^^^^^^^^^^^^^^^^^^^^^^^^^^^^^^^^^^^^^^^^^^^^^^^^^^^^^^^^^^^^^
  File "/home/nicolaspc/anaconda3/envs/mlops_env/lib/python3.12/site-packages/airflow/models/taskinstance.py", line 432, in _execute_callable
    return execute_callable(context=context, **execute_callable_kwargs)
           ^^^^^^^^^^^^^^^^^^^^^^^^^^^^^^^^^^^^^^^^^^^^^^^^^^^^^^^^^^^^
  File "/home/nicolaspc/anaconda3/envs/mlops_env/lib/python3.12/site-packages/airflow/models/baseoperator.py", line 401, in wrapper
    return func(self, *args, **kwargs)
           ^^^^^^^^^^^^^^^^^^^^^^^^^^^
  File "/home/nicolaspc/anaconda3/envs/mlops_env/lib/python3.12/site-packages/airflow/operators/python.py", line 235, in execute
    return_value = self.execute_callable()
                   ^^^^^^^^^^^^^^^^^^^^^^^
  File "/home/nicolaspc/anaconda3/envs/mlops_env/lib/python3.12/site-packages/airflow/operators/python.py", line 252, in execute_callable
    return self.python_callable(*self.op_args, **self.op_kwargs)
           ^^^^^^^^^^^^^^^^^^^^^^^^^^^^^^^^^^^^^^^^^^^^^^^^^^^^^
  File "/home/nicolaspc/airflow/dags/.ipynb_checkpoints/train_models-checkpoint.py", line 148, in save_results
    session = s3_hook.get_session("eu-north-1")
              ^^^^^^^
NameError: name 's3_hook' is not defined. Did you mean: 'S3Hook'?
[2024-07-20T20:10:17.977+0500] {taskinstance.py:1206} INFO - Marking task as FAILED. dag_id=rf_train, task_id=save_results, run_id=scheduled__2024-07-19T01:00:00+00:00, execution_date=20240719T010000, start_date=20240720T151017, end_date=20240720T151017
[2024-07-20T20:10:17.990+0500] {standard_task_runner.py:110} ERROR - Failed to execute job 196 for task save_results (name 's3_hook' is not defined; 16711)
[2024-07-20T20:10:18.002+0500] {local_task_job_runner.py:243} INFO - Task exited with return code 1
[2024-07-20T20:10:18.020+0500] {taskinstance.py:3503} INFO - 0 downstream tasks scheduled from follow-on schedule check
[2024-07-20T20:10:18.023+0500] {local_task_job_runner.py:222} INFO - ::endgroup::
